\BOOKMARK [0][-]{chapter.1}{Introduction}{}% 1
\BOOKMARK [1][-]{section.1.1}{Motivation}{chapter.1}% 2
\BOOKMARK [1][-]{section.1.2}{Outline}{chapter.1}% 3
\BOOKMARK [0][-]{chapter.2}{Background}{}% 4
\BOOKMARK [1][-]{section.2.1}{An Example of Program Synthesis}{chapter.2}% 5
\BOOKMARK [1][-]{section.2.2}{A Different Example of Program Synthesis}{chapter.2}% 6
\BOOKMARK [1][-]{section.2.3}{Dimensions of Program Synthesis}{chapter.2}% 7
\BOOKMARK [2][-]{subsection.2.3.1}{Input Specification}{section.2.3}% 8
\BOOKMARK [2][-]{subsection.2.3.2}{Search Space}{section.2.3}% 9
\BOOKMARK [0][-]{chapter.3}{Program Derivation in Coq}{}% 10
\BOOKMARK [1][-]{section.3.1}{Coq: An overview}{chapter.3}% 11
\BOOKMARK [1][-]{section.3.2}{The language of Coq}{chapter.3}% 12
\BOOKMARK [1][-]{section.3.3}{Proving in Coq}{chapter.3}% 13
\BOOKMARK [1][-]{section.3.4}{Working Principles of Coq Proof System}{chapter.3}% 14
\BOOKMARK [0][-]{chapter.4}{Higher Order Unification}{}% 15
\BOOKMARK [1][-]{section.4.1}{Motivation}{chapter.4}% 16
\BOOKMARK [1][-]{section.4.2}{Illustration}{chapter.4}% 17
\BOOKMARK [1][-]{section.4.3}{The Problem Specification}{chapter.4}% 18
\BOOKMARK [2][-]{subsection.4.3.1}{Definitions}{section.4.3}% 19
\BOOKMARK [2][-]{subsection.4.3.2}{Parallel -reduction}{section.4.3}% 20
\BOOKMARK [2][-]{subsection.4.3.3}{Restricted HOU problem specification}{section.4.3}% 21
\BOOKMARK [0][-]{chapter.5}{Insights from ``longest prefix satisfying p'' problem}{}% 22
\BOOKMARK [1][-]{section.5.1}{Problem Specification}{chapter.5}% 23
\BOOKMARK [1][-]{section.5.2}{Derivation}{chapter.5}% 24
\BOOKMARK [1][-]{section.5.3}{Help from I/O Examples}{chapter.5}% 25
\BOOKMARK [1][-]{section.5.4}{Igor2 and its Drawback}{chapter.5}% 26
\BOOKMARK [0][-]{chapter.6}{Conclusion}{}% 27
